Using pre-set license
Built from '2020.2/release' branch; Version is '2020.2.4f1 (becced5a802b) revision 12504301'; Using compiler version '192528614'; Build Type 'Release'
OS: 'Windows 10 Pro; OS build 19042.867; Version 2009; 64bit' Language: 'ru' Physical Memory: 16332 MB
BatchMode: 1, IsHumanControllingUs: 0, StartBugReporterOnCrash: 0, Is64bit: 1, IsPro: 0

 COMMAND LINE ARGUMENTS:
C:\Program Files\Unity\Hub\Editor\2020.2.4f1\Editor\Unity.exe
-adb2
-batchMode
-noUpm
-name
AssetImportWorker0
-projectPath
C:/Workspace/Unity Projects/imageProcessing
-logFile
Logs/AssetImportWorker0.log
-srvPort
64579
Successfully changed project path to: C:/Workspace/Unity Projects/imageProcessing
C:/Workspace/Unity Projects/imageProcessing
Using Asset Import Pipeline V2.
Refreshing native plugins compatible for Editor in 37.53 ms, found 10 plugins.
Preloading 0 native plugins for Editor in 0.00 ms.
Initialize engine version: 2020.2.4f1 (becced5a802b)
[Subsystems] Discovering subsystems at path C:/Program Files/Unity/Hub/Editor/2020.2.4f1/Editor/Data/Resources/UnitySubsystems
[Subsystems] Discovering subsystems at path C:/Workspace/Unity Projects/imageProcessing/Assets
GfxDevice: creating device client; threaded=0
Direct3D:
    Version:  Direct3D 11.0 [level 11.1]
    Renderer: NVIDIA GeForce RTX 2060 (ID=0x1f08)
    Vendor:   
    VRAM:     5980 MB
    Driver:   27.21.14.6172
Initialize mono
Mono path[0] = 'C:/Program Files/Unity/Hub/Editor/2020.2.4f1/Editor/Data/Managed'
Mono path[1] = 'C:/Program Files/Unity/Hub/Editor/2020.2.4f1/Editor/Data/MonoBleedingEdge/lib/mono/unityjit'
Mono config path = 'C:/Program Files/Unity/Hub/Editor/2020.2.4f1/Editor/Data/MonoBleedingEdge/etc'
Using monoOptions --debugger-agent=transport=dt_socket,embedding=1,server=y,suspend=n,address=127.0.0.1:56076
Begin MonoManager ReloadAssembly
Registering precompiled unity dll's ...
Register platform support module: C:/Program Files/Unity/Hub/Editor/2020.2.4f1/Editor/Data/PlaybackEngines/WindowsStandaloneSupport/UnityEditor.WindowsStandalone.Extensions.dll
Registered in 0.001749 seconds.
Native extension for WindowsStandalone target not found
Refreshing native plugins compatible for Editor in 33.03 ms, found 10 plugins.
Preloading 0 native plugins for Editor in 0.00 ms.
Invoked RoslynAnalysisRunner static constructor.
RoslynAnalysisRunner will not be running.
RoslynAnalysisRunner has terminated.
Mono: successfully reloaded assembly
- Completed reload, in  1.068 seconds
Platform modules already initialized, skipping
Registering precompiled user dll's ...
Registered in 0.002278 seconds.
Begin MonoManager ReloadAssembly
Native extension for WindowsStandalone target not found
Refreshing native plugins compatible for Editor in 36.93 ms, found 10 plugins.
Preloading 0 native plugins for Editor in 0.00 ms.
Invoked RoslynAnalysisRunner static constructor.
RoslynAnalysisRunner will not be running.
RoslynAnalysisRunner has terminated.
Mono: successfully reloaded assembly
- Completed reload, in  0.950 seconds
Platform modules already initialized, skipping
========================================================================
Worker process is ready to serve import requests
Launched and connected shader compiler UnityShaderCompiler.exe after 0.09 seconds
Refreshing native plugins compatible for Editor in 0.75 ms, found 10 plugins.
Preloading 0 native plugins for Editor in 0.00 ms.
Unloading 1914 Unused Serialized files (Serialized files now loaded: 0)
System memory in use before: 87.3 MB.
System memory in use after: 87.4 MB.

Unloading 29 unused Assets to reduce memory usage. Loaded Objects now: 2352.
Total: 2.303200 ms (FindLiveObjects: 0.190000 ms CreateObjectMapping: 0.045700 ms MarkObjects: 2.012600 ms  DeleteObjects: 0.054100 ms)

========================================================================
Received Import Request.
  path: Assets/Scripts
  artifactKey: Guid(976df8db662216d42bb211daacc54c05) Importer(815301076,1909f56bfc062723c751e8b465ee728b)
Start importing Assets/Scripts using Guid(976df8db662216d42bb211daacc54c05) Importer(815301076,1909f56bfc062723c751e8b465ee728b)  -> (artifact id: 'b2967e665483cc7f31aab24fe3f108c9') in 0.010016 seconds
  Import took 0.012867 seconds .

========================================================================
Received Import Request.
  Time since last request: 6.771473 seconds.
  path: Assets/Scripts/CameraController.cs
  artifactKey: Guid(36f6a7659d014b44999b4a0b583f0857) Importer(815301076,1909f56bfc062723c751e8b465ee728b)
Start importing Assets/Scripts/CameraController.cs using Guid(36f6a7659d014b44999b4a0b583f0857) Importer(815301076,1909f56bfc062723c751e8b465ee728b)  -> (artifact id: 'f9b6fddc819267c5d7605cf4b31b00e1') in 0.022970 seconds
  Import took 0.025954 seconds .

========================================================================
Received Import Request.
  Time since last request: 0.635228 seconds.
  path: Assets/Scripts/HealthManager.cs
  artifactKey: Guid(efcaf8c313f19cd4ba55aa56e2492891) Importer(815301076,1909f56bfc062723c751e8b465ee728b)
Start importing Assets/Scripts/HealthManager.cs using Guid(efcaf8c313f19cd4ba55aa56e2492891) Importer(815301076,1909f56bfc062723c751e8b465ee728b)  -> (artifact id: '6e67c851397c6bff96176398651cb83b') in 0.006761 seconds
  Import took 0.009630 seconds .

========================================================================
Received Import Request.
  Time since last request: 0.002783 seconds.
  path: Assets/Scripts/HealthManager.cs
  artifactKey: Guid(efcaf8c313f19cd4ba55aa56e2492891) Importer(815301076,1909f56bfc062723c751e8b465ee728b)
Start importing Assets/Scripts/HealthManager.cs using Guid(efcaf8c313f19cd4ba55aa56e2492891) Importer(815301076,1909f56bfc062723c751e8b465ee728b)  -> (artifact id: '6e67c851397c6bff96176398651cb83b') in 0.007151 seconds
  Import took 0.010063 seconds .

========================================================================
Received Prepare
Registering precompiled user dll's ...
Registered in 0.002599 seconds.
Begin MonoManager ReloadAssembly
Native extension for WindowsStandalone target not found
Refreshing native plugins compatible for Editor in 0.48 ms, found 10 plugins.
Preloading 0 native plugins for Editor in 0.00 ms.
Invoked RoslynAnalysisRunner static constructor.
RoslynAnalysisRunner will not be running.
RoslynAnalysisRunner has terminated.
Mono: successfully reloaded assembly
- Completed reload, in  0.874 seconds
Platform modules already initialized, skipping
Refreshing native plugins compatible for Editor in 0.46 ms, found 10 plugins.
Preloading 0 native plugins for Editor in 0.00 ms.
Unloading 1904 Unused Serialized files (Serialized files now loaded: 0)
System memory in use before: 86.9 MB.
System memory in use after: 87.0 MB.

Unloading 17 unused Assets to reduce memory usage. Loaded Objects now: 2357.
Total: 2.714600 ms (FindLiveObjects: 0.318500 ms CreateObjectMapping: 0.058800 ms MarkObjects: 2.312000 ms  DeleteObjects: 0.024200 ms)

========================================================================
Received Prepare
Registering precompiled user dll's ...
Registered in 0.002527 seconds.
Begin MonoManager ReloadAssembly
Native extension for WindowsStandalone target not found
Refreshing native plugins compatible for Editor in 0.49 ms, found 10 plugins.
Preloading 0 native plugins for Editor in 0.00 ms.
Invoked RoslynAnalysisRunner static constructor.
RoslynAnalysisRunner will not be running.
RoslynAnalysisRunner has terminated.
Mono: successfully reloaded assembly
- Completed reload, in  0.882 seconds
Platform modules already initialized, skipping
Refreshing native plugins compatible for Editor in 0.48 ms, found 10 plugins.
Preloading 0 native plugins for Editor in 0.00 ms.
Unloading 1904 Unused Serialized files (Serialized files now loaded: 0)
System memory in use before: 87.0 MB.
System memory in use after: 87.1 MB.

Unloading 17 unused Assets to reduce memory usage. Loaded Objects now: 2362.
Total: 2.391100 ms (FindLiveObjects: 0.193600 ms CreateObjectMapping: 0.042800 ms MarkObjects: 2.129900 ms  DeleteObjects: 0.023900 ms)

========================================================================
Received Prepare
Registering precompiled user dll's ...
Registered in 0.002462 seconds.
Begin MonoManager ReloadAssembly
Native extension for WindowsStandalone target not found
Refreshing native plugins compatible for Editor in 0.49 ms, found 10 plugins.
Preloading 0 native plugins for Editor in 0.00 ms.
Invoked RoslynAnalysisRunner static constructor.
RoslynAnalysisRunner will not be running.
RoslynAnalysisRunner has terminated.
Mono: successfully reloaded assembly
- Completed reload, in  0.857 seconds
Platform modules already initialized, skipping
Refreshing native plugins compatible for Editor in 0.48 ms, found 10 plugins.
Preloading 0 native plugins for Editor in 0.00 ms.
Unloading 1904 Unused Serialized files (Serialized files now loaded: 0)
System memory in use before: 87.2 MB.
System memory in use after: 87.3 MB.

Unloading 17 unused Assets to reduce memory usage. Loaded Objects now: 2367.
Total: 2.500600 ms (FindLiveObjects: 0.202500 ms CreateObjectMapping: 0.046000 ms MarkObjects: 2.226000 ms  DeleteObjects: 0.025300 ms)

========================================================================
Received Prepare
Registering precompiled user dll's ...
Registered in 0.002471 seconds.
Begin MonoManager ReloadAssembly
Native extension for WindowsStandalone target not found
Refreshing native plugins compatible for Editor in 0.50 ms, found 10 plugins.
Preloading 0 native plugins for Editor in 0.00 ms.
Invoked RoslynAnalysisRunner static constructor.
RoslynAnalysisRunner will not be running.
RoslynAnalysisRunner has terminated.
Mono: successfully reloaded assembly
- Completed reload, in  0.842 seconds
Platform modules already initialized, skipping
Refreshing native plugins compatible for Editor in 0.51 ms, found 10 plugins.
Preloading 0 native plugins for Editor in 0.00 ms.
Unloading 1904 Unused Serialized files (Serialized files now loaded: 0)
System memory in use before: 87.2 MB.
System memory in use after: 87.4 MB.

Unloading 17 unused Assets to reduce memory usage. Loaded Objects now: 2372.
Total: 2.362100 ms (FindLiveObjects: 0.206600 ms CreateObjectMapping: 0.044100 ms MarkObjects: 2.086500 ms  DeleteObjects: 0.024200 ms)

========================================================================
Received Prepare
Registering precompiled user dll's ...
Registered in 0.002347 seconds.
Begin MonoManager ReloadAssembly
Native extension for WindowsStandalone target not found
Refreshing native plugins compatible for Editor in 0.51 ms, found 10 plugins.
Preloading 0 native plugins for Editor in 0.00 ms.
Invoked RoslynAnalysisRunner static constructor.
RoslynAnalysisRunner will not be running.
RoslynAnalysisRunner has terminated.
Mono: successfully reloaded assembly
- Completed reload, in  0.937 seconds
Platform modules already initialized, skipping
Refreshing native plugins compatible for Editor in 0.49 ms, found 10 plugins.
Preloading 0 native plugins for Editor in 0.00 ms.
Unloading 1904 Unused Serialized files (Serialized files now loaded: 0)
System memory in use before: 87.3 MB.
System memory in use after: 87.4 MB.

Unloading 17 unused Assets to reduce memory usage. Loaded Objects now: 2377.
Total: 3.370600 ms (FindLiveObjects: 0.203900 ms CreateObjectMapping: 0.046300 ms MarkObjects: 3.095400 ms  DeleteObjects: 0.023800 ms)

========================================================================
Received Import Request.
  Time since last request: 279.135678 seconds.
  path: Assets/Scripts/ColorDetection.cs
  artifactKey: Guid(3351aaff85b6fd74a94d2572229f17b3) Importer(815301076,1909f56bfc062723c751e8b465ee728b)
Start importing Assets/Scripts/ColorDetection.cs using Guid(3351aaff85b6fd74a94d2572229f17b3) Importer(815301076,1909f56bfc062723c751e8b465ee728b)  -> (artifact id: 'c392d4e465a01936a094945a963b9b37') in 0.009808 seconds
  Import took 0.012888 seconds .

========================================================================
Received Import Request.
  Time since last request: 0.014512 seconds.
  path: Assets/Scripts/ColorDetection.cs
  artifactKey: Guid(3351aaff85b6fd74a94d2572229f17b3) Importer(815301076,1909f56bfc062723c751e8b465ee728b)
Start importing Assets/Scripts/ColorDetection.cs using Guid(3351aaff85b6fd74a94d2572229f17b3) Importer(815301076,1909f56bfc062723c751e8b465ee728b)  -> (artifact id: 'c392d4e465a01936a094945a963b9b37') in 0.007825 seconds
  Import took 0.010687 seconds .

========================================================================
Received Prepare
Registering precompiled user dll's ...
Registered in 0.002357 seconds.
Begin MonoManager ReloadAssembly
Native extension for WindowsStandalone target not found
Refreshing native plugins compatible for Editor in 0.49 ms, found 10 plugins.
Preloading 0 native plugins for Editor in 0.00 ms.
Invoked RoslynAnalysisRunner static constructor.
RoslynAnalysisRunner will not be running.
RoslynAnalysisRunner has terminated.
Mono: successfully reloaded assembly
- Completed reload, in  0.821 seconds
Platform modules already initialized, skipping
Refreshing native plugins compatible for Editor in 0.48 ms, found 10 plugins.
Preloading 0 native plugins for Editor in 0.00 ms.
Unloading 1904 Unused Serialized files (Serialized files now loaded: 0)
System memory in use before: 87.3 MB.
System memory in use after: 87.4 MB.

Unloading 17 unused Assets to reduce memory usage. Loaded Objects now: 2382.
Total: 2.695400 ms (FindLiveObjects: 0.197600 ms CreateObjectMapping: 0.048200 ms MarkObjects: 2.422100 ms  DeleteObjects: 0.026200 ms)

========================================================================
Received Import Request.
  Time since last request: 224.805065 seconds.
  path: Assets/Prefabs
  artifactKey: Guid(4d78bf2e1bb4e264da7c96d4eb26afdc) Importer(815301076,1909f56bfc062723c751e8b465ee728b)
Start importing Assets/Prefabs using Guid(4d78bf2e1bb4e264da7c96d4eb26afdc) Importer(815301076,1909f56bfc062723c751e8b465ee728b)  -> (artifact id: '4710300258f149db08b684844f71a59d') in 0.010292 seconds
  Import took 0.013067 seconds .

========================================================================
Received Import Request.
  Time since last request: 0.035218 seconds.
  path: Assets/Prefabs/Floor.prefab
  artifactKey: Guid(74c20baa8e64a4944a74194e9d4f18e5) Importer(815301076,1909f56bfc062723c751e8b465ee728b)
Start importing Assets/Prefabs/Floor.prefab using Guid(74c20baa8e64a4944a74194e9d4f18e5) Importer(815301076,1909f56bfc062723c751e8b465ee728b)  -> (artifact id: '7880b3dff0e5b26e37ca6f4ce67a4f2e') in 0.071119 seconds
  Import took 0.074074 seconds .

========================================================================
Received Import Request.
  Time since last request: 0.000182 seconds.
  path: Assets/Prefabs/Obstacle.prefab
  artifactKey: Guid(9e4665c70b09b284eb1cd7e19e076533) Importer(815301076,1909f56bfc062723c751e8b465ee728b)
Start importing Assets/Prefabs/Obstacle.prefab using Guid(9e4665c70b09b284eb1cd7e19e076533) Importer(815301076,1909f56bfc062723c751e8b465ee728b)  -> (artifact id: '4d113f87538bd03f935279be66f69c7d') in 0.089740 seconds
  Import took 0.092291 seconds .

========================================================================
Received Import Request.
  Time since last request: 0.000184 seconds.
  path: Assets/Prefabs/Player.prefab
  artifactKey: Guid(3343753eeb44d9e4db66ae756bf6f25a) Importer(815301076,1909f56bfc062723c751e8b465ee728b)
Start importing Assets/Prefabs/Player.prefab using Guid(3343753eeb44d9e4db66ae756bf6f25a) Importer(815301076,1909f56bfc062723c751e8b465ee728b)  -> (artifact id: '6b0bcd05ba28c5ca34616cbd1a5511b1') in 0.088982 seconds
  Import took 0.091949 seconds .

========================================================================
Received Import Request.
  Time since last request: 16.600360 seconds.
  path: Assets/Prefabs/New Material.mat
  artifactKey: Guid(5631e4436c800704f9cce21945d29827) Importer(815301076,1909f56bfc062723c751e8b465ee728b)
Start importing Assets/Prefabs/New Material.mat using Guid(5631e4436c800704f9cce21945d29827) Importer(815301076,1909f56bfc062723c751e8b465ee728b)  -> (artifact id: '48f0711c0e7ce6c54d1136d602e44507') in 0.034066 seconds
  Import took 0.037111 seconds .

========================================================================
Received Import Request.
  Time since last request: 4.612536 seconds.
  path: Assets/Prefabs/Floor.prefab
  artifactKey: Guid(74c20baa8e64a4944a74194e9d4f18e5) Importer(815301076,1909f56bfc062723c751e8b465ee728b)
Start importing Assets/Prefabs/Floor.prefab using Guid(74c20baa8e64a4944a74194e9d4f18e5) Importer(815301076,1909f56bfc062723c751e8b465ee728b)  -> (artifact id: '0339a3a6a2646885d5c61e239fcc4a88') in 0.020250 seconds
  Import took 0.023606 seconds .

========================================================================
Received Import Request.
  Time since last request: 16.828744 seconds.
  path: Assets/Prefabs/RoadMat.mat
  artifactKey: Guid(5631e4436c800704f9cce21945d29827) Importer(815301076,1909f56bfc062723c751e8b465ee728b)
Start importing Assets/Prefabs/RoadMat.mat using Guid(5631e4436c800704f9cce21945d29827) Importer(815301076,1909f56bfc062723c751e8b465ee728b)  -> (artifact id: '6136dacbb04be42b7d23d3e0fded87a4') in 0.017275 seconds
  Import took 0.020133 seconds .

========================================================================
Received Import Request.
  Time since last request: 0.103102 seconds.
  path: Assets/Prefabs/RoadMat.mat
  artifactKey: Guid(5631e4436c800704f9cce21945d29827) Importer(815301076,1909f56bfc062723c751e8b465ee728b)
Start importing Assets/Prefabs/RoadMat.mat using Guid(5631e4436c800704f9cce21945d29827) Importer(815301076,1909f56bfc062723c751e8b465ee728b)  -> (artifact id: '6136dacbb04be42b7d23d3e0fded87a4') in 0.016894 seconds
  Import took 0.020336 seconds .

========================================================================
Received Prepare
Registering precompiled user dll's ...
Registered in 0.002507 seconds.
Begin MonoManager ReloadAssembly
Native extension for WindowsStandalone target not found
Refreshing native plugins compatible for Editor in 0.48 ms, found 10 plugins.
Preloading 0 native plugins for Editor in 0.00 ms.
Invoked RoslynAnalysisRunner static constructor.
RoslynAnalysisRunner will not be running.
RoslynAnalysisRunner has terminated.
Mono: successfully reloaded assembly
- Completed reload, in  0.838 seconds
Platform modules already initialized, skipping
Refreshing native plugins compatible for Editor in 0.49 ms, found 10 plugins.
Preloading 0 native plugins for Editor in 0.00 ms.
Unloading 1904 Unused Serialized files (Serialized files now loaded: 0)
System memory in use before: 90.7 MB.
System memory in use after: 90.8 MB.

Unloading 18 unused Assets to reduce memory usage. Loaded Objects now: 2428.
Total: 2.217000 ms (FindLiveObjects: 0.179700 ms CreateObjectMapping: 0.044600 ms MarkObjects: 1.972700 ms  DeleteObjects: 0.019000 ms)

========================================================================
Received Prepare
Registering precompiled user dll's ...
Registered in 0.002391 seconds.
Begin MonoManager ReloadAssembly
Native extension for WindowsStandalone target not found
Refreshing native plugins compatible for Editor in 0.47 ms, found 10 plugins.
Preloading 0 native plugins for Editor in 0.00 ms.
Invoked RoslynAnalysisRunner static constructor.
RoslynAnalysisRunner will not be running.
RoslynAnalysisRunner has terminated.
Mono: successfully reloaded assembly
- Completed reload, in  0.817 seconds
Platform modules already initialized, skipping
Refreshing native plugins compatible for Editor in 0.46 ms, found 10 plugins.
Preloading 0 native plugins for Editor in 0.00 ms.
Unloading 1904 Unused Serialized files (Serialized files now loaded: 0)
System memory in use before: 90.7 MB.
System memory in use after: 90.8 MB.

Unloading 17 unused Assets to reduce memory usage. Loaded Objects now: 2433.
Total: 2.494800 ms (FindLiveObjects: 0.251500 ms CreateObjectMapping: 0.047000 ms MarkObjects: 2.180600 ms  DeleteObjects: 0.014500 ms)

AssetImportWorkerClient::OnTransportError - code=2 error=End of file
